<?xml version="1.0" encoding="UTF-8"?>
<testsuite xmlns:xsi="http://www.w3.org/2001/XMLSchema-instance" xsi:noNamespaceSchemaLocation="https://maven.apache.org/surefire/maven-surefire-plugin/xsd/surefire-test-report-3.0.xsd" version="3.0" name="com.example.fuel.FuelCalculatorTest" time="0.08" tests="6" errors="0" skipped="0" failures="0">
  <properties>
[...]
</properties>
  <testcase name="testInvalidDistance" classname="com.example.fuel.FuelCalculatorTest" time="0.036"/>
  <testcase name="testFuelCalculationAccuracy" classname="com.example.fuel.FuelCalculatorTest" time="0.002"/>
  <testcase name="testInvalidFuelUsed" classname="com.example.fuel.FuelCalculatorTest" time="0.002"/>
  <testcase name="testFuelConsumedCalculation" classname="com.example.fuel.FuelCalculatorTest" time="0.001"/>
  <testcase name="testInvalidFuelConsumedValues" classname="com.example.fuel.FuelCalculatorTest" time="0.001"/>
  <testcase name="testAnotherFuelCalculation" classname="com.example.fuel.FuelCalculatorTest" time="0.001"/>
</testsuite>